<?xml version="1.0" encoding="UTF-8"?>
<testng-results skipped="0" failed="0" ignored="0" total="1" passed="1">
  <reporter-output>
  </reporter-output>
  <suite name="com.testcases.LoginTest" duration-ms="151" started-at="2020-08-31T23:16:06 IST" finished-at="2020-08-31T23:16:06 IST">
    <groups>
    </groups>
    <test name="Command line test" duration-ms="151" started-at="2020-08-31T23:16:06 IST" finished-at="2020-08-31T23:16:06 IST">
      <class name="com.testcases.LoginTest">
        <test-method status="PASS" signature="loginkam()[pri:0, instance:com.testcases.LoginTest@66a3ffec]" name="loginkam" duration-ms="20" started-at="2020-08-31T23:16:06 IST" finished-at="2020-08-31T23:16:06 IST">
          <reporter-output>
          </reporter-output>
        </test-method> <!-- loginkam -->
      </class> <!-- com.testcases.LoginTest -->
    </test> <!-- Command line test -->
  </suite> <!-- com.testcases.LoginTest -->
</testng-results>
